This file contains any messages produced by compilers while
running configure, to aid debugging if configure makes a mistake.

It was created by json-c configure 0.9, which was
generated by GNU Autoconf 2.63.  Invocation command line was

  $ ../configure --host=powerpc-linux --prefix=/home/dtalayco/work/indigo/cmdsrv/json-c-0.9/ppc

## --------- ##
## Platform. ##
## --------- ##

hostname = ub-dev-vm
uname -m = x86_64
uname -r = 2.6.32-27-server
uname -s = Linux
uname -v = #49-Ubuntu SMP Thu Dec 2 02:05:21 UTC 2010

/usr/bin/uname -p = unknown
/bin/uname -X     = unknown

/bin/arch              = unknown
/usr/bin/arch -k       = unknown
/usr/convex/getsysinfo = unknown
/usr/bin/hostinfo      = unknown
/bin/machine           = unknown
/usr/bin/oslevel       = unknown
/bin/universe          = unknown

PATH: /home/dtalayco/bin
PATH: /home/dtalayco/bin/work
PATH: /home/dtalayco/bin/x86_64
PATH: /home/dtalayco/bin/i686
PATH: /home/dtalayco/local/bin
PATH: /sbin
PATH: /usr/bin
PATH: /bin
PATH: /usr/sbin
PATH: /etc
PATH: /usr/etc
PATH: /local/bin
PATH: /usr/local/bin
PATH: /usr/games
PATH: /usr/local/git/bin
PATH: /home/dtalayco/pkg/jdk1.6.0_21/bin
PATH: /home/dtalayco/work/ELDK_4.2/bin
PATH: /home/dtalayco/work/ELDK_4.2/usr/bin
PATH: /home/dtalayco/work/ELDK_4.2/bin
PATH: /home/dtalayco/work/ELDK_4.2/usr/bin


## ----------- ##
## Core tests. ##
## ----------- ##

configure:2065: checking for a BSD-compatible install
configure:2133: result: /usr/bin/install -c
configure:2144: checking whether build environment is sane
configure:2187: result: yes
configure:2212: checking for a thread-safe mkdir -p
configure:2251: result: /bin/mkdir -p
configure:2264: checking for gawk
configure:2280: found /usr/bin/gawk
configure:2291: result: gawk
configure:2302: checking whether make sets $(MAKE)
configure:2324: result: yes
configure:2404: checking for powerpc-linux-strip
configure:2420: found /home/dtalayco/work/ELDK_4.2/usr/bin/powerpc-linux-strip
configure:2431: result: powerpc-linux-strip
configure:2528: checking for style of include used by make
configure:2556: result: GNU
configure:2586: checking for powerpc-linux-gcc
configure:2613: result: ppc_85xx-gcc
configure:2885: checking for C compiler version
configure:2893: ppc_85xx-gcc --version >&5
ppc_85xx-gcc (GCC) 4.2.2
Copyright (C) 2007 Free Software Foundation, Inc.
This is free software; see the source for copying conditions.  There is NO
warranty; not even for MERCHANTABILITY or FITNESS FOR A PARTICULAR PURPOSE.

configure:2897: $? = 0
configure:2904: ppc_85xx-gcc -v >&5
Reading specs from /home/dtalayco/work/ELDK_4.2/usr/bin/../lib/gcc/powerpc-linux/4.2.2/specs
Target: powerpc-linux
Configured with: /opt/eldk/build/ppc-2008-04-01/work/usr/src/denx/BUILD/crosstool-0.43/build/gcc-4.2.2-glibc-20070515T2025-eldk/powerpc-linux/gcc-4.2.2/configure --target=powerpc-linux --host=i686-host_pc-linux-gnu --prefix=/var/tmp/eldk.UZpAG7/usr/crosstool/gcc-4.2.2-glibc-20070515T2025-eldk/powerpc-linux --disable-hosted-libstdcxx --with-headers=/var/tmp/eldk.UZpAG7/usr/crosstool/gcc-4.2.2-glibc-20070515T2025-eldk/powerpc-linux/powerpc-linux/include --with-local-prefix=/var/tmp/eldk.UZpAG7/usr/crosstool/gcc-4.2.2-glibc-20070515T2025-eldk/powerpc-linux/powerpc-linux --disable-nls --enable-threads=posix --enable-symvers=gnu --enable-__cxa_atexit --enable-languages=c,c++,java --enable-shared --enable-c99 --enable-long-long --without-x
Thread model: posix
gcc version 4.2.2
configure:2908: $? = 0
configure:2915: ppc_85xx-gcc -V >&5
ppc_85xx-gcc: '-V' must come at the start of the command line
configure:2919: $? = 1
configure:2942: checking for C compiler default output file name
configure:2964: ppc_85xx-gcc   -static conftest.c  >&5
configure:2968: $? = 0
configure:3006: result: a.out
configure:3025: checking whether the C compiler works
configure:3035: ./a.out
../configure: line 3037: ./a.out: cannot execute binary file
configure:3039: $? = 126
configure:3058: result: yes
configure:3065: checking whether we are cross compiling
configure:3067: result: yes
configure:3070: checking for suffix of executables
configure:3077: ppc_85xx-gcc -o conftest   -static conftest.c  >&5
configure:3081: $? = 0
configure:3107: result: 
configure:3113: checking for suffix of object files
configure:3139: ppc_85xx-gcc -c   conftest.c >&5
configure:3143: $? = 0
configure:3168: result: o
configure:3172: checking whether we are using the GNU C compiler
configure:3201: ppc_85xx-gcc -c   conftest.c >&5
configure:3208: $? = 0
configure:3225: result: yes
configure:3234: checking whether ppc_85xx-gcc accepts -g
configure:3264: ppc_85xx-gcc -c -g  conftest.c >&5
configure:3271: $? = 0
configure:3372: result: yes
configure:3389: checking for ppc_85xx-gcc option to accept ISO C89
configure:3463: ppc_85xx-gcc  -c -g -O2  conftest.c >&5
configure:3470: $? = 0
configure:3493: result: none needed
configure:3513: checking dependency style of ppc_85xx-gcc
configure:3604: result: gcc3
configure:3625: checking how to run the C preprocessor
configure:3665: ppc_85xx-gcc -E  conftest.c
configure:3672: $? = 0
configure:3703: ppc_85xx-gcc -E  conftest.c
conftest.c:10:28: error: ac_nonexistent.h: No such file or directory
configure:3710: $? = 1
configure: failed program was:
| /* confdefs.h.  */
| #define PACKAGE_NAME "json-c"
| #define PACKAGE_TARNAME "json-c"
| #define PACKAGE_VERSION "0.9"
| #define PACKAGE_STRING "json-c 0.9"
| #define PACKAGE_BUGREPORT "michael@metaparadigm.com"
| #define PACKAGE "json-c"
| #define VERSION "0.9"
| /* end confdefs.h.  */
| #include <ac_nonexistent.h>
configure:3743: result: ppc_85xx-gcc -E
configure:3772: ppc_85xx-gcc -E  conftest.c
configure:3779: $? = 0
configure:3810: ppc_85xx-gcc -E  conftest.c
conftest.c:10:28: error: ac_nonexistent.h: No such file or directory
configure:3817: $? = 1
configure: failed program was:
| /* confdefs.h.  */
| #define PACKAGE_NAME "json-c"
| #define PACKAGE_TARNAME "json-c"
| #define PACKAGE_VERSION "0.9"
| #define PACKAGE_STRING "json-c 0.9"
| #define PACKAGE_BUGREPORT "michael@metaparadigm.com"
| #define PACKAGE "json-c"
| #define VERSION "0.9"
| /* end confdefs.h.  */
| #include <ac_nonexistent.h>
configure:3857: checking for grep that handles long lines and -e
configure:3917: result: /bin/grep
configure:3922: checking for egrep
configure:3986: result: /bin/grep -E
configure:3991: checking for ANSI C header files
configure:4021: ppc_85xx-gcc -c -g -O2  conftest.c >&5
configure:4028: $? = 0
configure:4159: result: yes
configure:4183: checking for sys/types.h
configure:4204: ppc_85xx-gcc -c -g -O2  conftest.c >&5
configure:4211: $? = 0
configure:4228: result: yes
configure:4183: checking for sys/stat.h
configure:4204: ppc_85xx-gcc -c -g -O2  conftest.c >&5
configure:4211: $? = 0
configure:4228: result: yes
configure:4183: checking for stdlib.h
configure:4204: ppc_85xx-gcc -c -g -O2  conftest.c >&5
configure:4211: $? = 0
configure:4228: result: yes
configure:4183: checking for string.h
configure:4204: ppc_85xx-gcc -c -g -O2  conftest.c >&5
configure:4211: $? = 0
configure:4228: result: yes
configure:4183: checking for memory.h
configure:4204: ppc_85xx-gcc -c -g -O2  conftest.c >&5
configure:4211: $? = 0
configure:4228: result: yes
configure:4183: checking for strings.h
configure:4204: ppc_85xx-gcc -c -g -O2  conftest.c >&5
configure:4211: $? = 0
configure:4228: result: yes
configure:4183: checking for inttypes.h
configure:4204: ppc_85xx-gcc -c -g -O2  conftest.c >&5
configure:4211: $? = 0
configure:4228: result: yes
configure:4183: checking for stdint.h
configure:4204: ppc_85xx-gcc -c -g -O2  conftest.c >&5
configure:4211: $? = 0
configure:4228: result: yes
configure:4183: checking for unistd.h
configure:4204: ppc_85xx-gcc -c -g -O2  conftest.c >&5
configure:4211: $? = 0
configure:4228: result: yes
configure:4264: checking fcntl.h usability
configure:4281: ppc_85xx-gcc -c -g -O2  conftest.c >&5
configure:4288: $? = 0
configure:4302: result: yes
configure:4306: checking fcntl.h presence
configure:4321: ppc_85xx-gcc -E  conftest.c
configure:4328: $? = 0
configure:4342: result: yes
configure:4375: checking for fcntl.h
configure:4384: result: yes
configure:4264: checking limits.h usability
configure:4281: ppc_85xx-gcc -c -g -O2  conftest.c >&5
configure:4288: $? = 0
configure:4302: result: yes
configure:4306: checking limits.h presence
configure:4321: ppc_85xx-gcc -E  conftest.c
configure:4328: $? = 0
configure:4342: result: yes
configure:4375: checking for limits.h
configure:4384: result: yes
configure:4253: checking for strings.h
configure:4260: result: yes
configure:4264: checking syslog.h usability
configure:4281: ppc_85xx-gcc -c -g -O2  conftest.c >&5
configure:4288: $? = 0
configure:4302: result: yes
configure:4306: checking syslog.h presence
configure:4321: ppc_85xx-gcc -E  conftest.c
configure:4328: $? = 0
configure:4342: result: yes
configure:4375: checking for syslog.h
configure:4384: result: yes
configure:4253: checking for unistd.h
configure:4260: result: yes
configure:4264: checking sys/param.h usability
configure:4281: ppc_85xx-gcc -c -g -O2  conftest.c >&5
configure:4288: $? = 0
configure:4302: result: yes
configure:4306: checking sys/param.h presence
configure:4321: ppc_85xx-gcc -E  conftest.c
configure:4328: $? = 0
configure:4342: result: yes
configure:4375: checking for sys/param.h
configure:4384: result: yes
configure:4264: checking stdarg.h usability
configure:4281: ppc_85xx-gcc -c -g -O2  conftest.c >&5
configure:4288: $? = 0
configure:4302: result: yes
configure:4306: checking stdarg.h presence
configure:4321: ppc_85xx-gcc -E  conftest.c
configure:4328: $? = 0
configure:4342: result: yes
configure:4375: checking for stdarg.h
configure:4384: result: yes
configure:4401: checking for an ANSI C-conforming const
configure:4476: ppc_85xx-gcc -c -g -O2  conftest.c >&5
configure:4483: $? = 0
configure:4498: result: yes
configure:4508: checking for size_t
configure:4536: ppc_85xx-gcc -c -g -O2  conftest.c >&5
configure:4543: $? = 0
configure:4570: ppc_85xx-gcc -c -g -O2  conftest.c >&5
conftest.c: In function 'main':
conftest.c:63: error: expected expression before ')' token
configure:4577: $? = 1
configure: failed program was:
| /* confdefs.h.  */
| #define PACKAGE_NAME "json-c"
| #define PACKAGE_TARNAME "json-c"
| #define PACKAGE_VERSION "0.9"
| #define PACKAGE_STRING "json-c 0.9"
| #define PACKAGE_BUGREPORT "michael@metaparadigm.com"
| #define PACKAGE "json-c"
| #define VERSION "0.9"
| #define STDC_HEADERS 1
| #define HAVE_SYS_TYPES_H 1
| #define HAVE_SYS_STAT_H 1
| #define HAVE_STDLIB_H 1
| #define HAVE_STRING_H 1
| #define HAVE_MEMORY_H 1
| #define HAVE_STRINGS_H 1
| #define HAVE_INTTYPES_H 1
| #define HAVE_STDINT_H 1
| #define HAVE_UNISTD_H 1
| #define HAVE_FCNTL_H 1
| #define HAVE_LIMITS_H 1
| #define HAVE_STRINGS_H 1
| #define HAVE_SYSLOG_H 1
| #define HAVE_UNISTD_H 1
| #define HAVE_SYS_PARAM_H 1
| #define HAVE_STDARG_H 1
| /* end confdefs.h.  */
| #include <stdio.h>
| #ifdef HAVE_SYS_TYPES_H
| # include <sys/types.h>
| #endif
| #ifdef HAVE_SYS_STAT_H
| # include <sys/stat.h>
| #endif
| #ifdef STDC_HEADERS
| # include <stdlib.h>
| # include <stddef.h>
| #else
| # ifdef HAVE_STDLIB_H
| #  include <stdlib.h>
| # endif
| #endif
| #ifdef HAVE_STRING_H
| # if !defined STDC_HEADERS && defined HAVE_MEMORY_H
| #  include <memory.h>
| # endif
| # include <string.h>
| #endif
| #ifdef HAVE_STRINGS_H
| # include <strings.h>
| #endif
| #ifdef HAVE_INTTYPES_H
| # include <inttypes.h>
| #endif
| #ifdef HAVE_STDINT_H
| # include <stdint.h>
| #endif
| #ifdef HAVE_UNISTD_H
| # include <unistd.h>
| #endif
| int
| main ()
| {
| if (sizeof ((size_t)))
| 	  return 0;
|   ;
|   return 0;
| }
configure:4600: result: yes
configure:4618: checking for vprintf
configure:4674: ppc_85xx-gcc -o conftest -g -O2  -static conftest.c  >&5
conftest.c:50: warning: conflicting types for built-in function 'vprintf'
configure:4681: $? = 0
configure:4703: result: yes
configure:4712: checking for _doprnt
configure:4768: ppc_85xx-gcc -o conftest -g -O2  -static conftest.c  >&5
/tmp/ccAWJb2i.o: In function `main':
/home/dtalayco/work/indigo/cmdsrv/json-c-0.9/ppc/conftest.c:62: undefined reference to `_doprnt'
collect2: ld returned 1 exit status
configure:4775: $? = 1
configure: failed program was:
| /* confdefs.h.  */
| #define PACKAGE_NAME "json-c"
| #define PACKAGE_TARNAME "json-c"
| #define PACKAGE_VERSION "0.9"
| #define PACKAGE_STRING "json-c 0.9"
| #define PACKAGE_BUGREPORT "michael@metaparadigm.com"
| #define PACKAGE "json-c"
| #define VERSION "0.9"
| #define STDC_HEADERS 1
| #define HAVE_SYS_TYPES_H 1
| #define HAVE_SYS_STAT_H 1
| #define HAVE_STDLIB_H 1
| #define HAVE_STRING_H 1
| #define HAVE_MEMORY_H 1
| #define HAVE_STRINGS_H 1
| #define HAVE_INTTYPES_H 1
| #define HAVE_STDINT_H 1
| #define HAVE_UNISTD_H 1
| #define HAVE_FCNTL_H 1
| #define HAVE_LIMITS_H 1
| #define HAVE_STRINGS_H 1
| #define HAVE_SYSLOG_H 1
| #define HAVE_UNISTD_H 1
| #define HAVE_SYS_PARAM_H 1
| #define HAVE_STDARG_H 1
| #define HAVE_VPRINTF 1
| /* end confdefs.h.  */
| /* Define _doprnt to an innocuous variant, in case <limits.h> declares _doprnt.
|    For example, HP-UX 11i <limits.h> declares gettimeofday.  */
| #define _doprnt innocuous__doprnt
| 
| /* System header to define __stub macros and hopefully few prototypes,
|     which can conflict with char _doprnt (); below.
|     Prefer <limits.h> to <assert.h> if __STDC__ is defined, since
|     <limits.h> exists even on freestanding compilers.  */
| 
| #ifdef __STDC__
| # include <limits.h>
| #else
| # include <assert.h>
| #endif
| 
| #undef _doprnt
| 
| /* Override any GCC internal prototype to avoid an error.
|    Use char because int might match the return type of a GCC
|    builtin and then its argument prototype would still apply.  */
| #ifdef __cplusplus
| extern "C"
| #endif
| char _doprnt ();
| /* The GNU C library defines this for functions which it implements
|     to always fail with ENOSYS.  Some functions are actually named
|     something starting with __ and the normal name is an alias.  */
| #if defined __stub__doprnt || defined __stub____doprnt
| choke me
| #endif
| 
| int
| main ()
| {
| return _doprnt ();
|   ;
|   return 0;
| }
configure:4795: result: no
configure:4809: checking for working memcmp
configure:4893: result: no
configure:4907: checking for stdlib.h
configure:4914: result: yes
configure:5053: checking for GNU libc compatible malloc
configure:5118: result: no
configure:5151: checking for stdlib.h
configure:5158: result: yes
configure:5297: checking for GNU libc compatible realloc
configure:5362: result: no
configure:5400: checking for strndup
configure:5456: ppc_85xx-gcc -o conftest -g -O2  -static conftest.c  >&5
conftest.c:57: warning: conflicting types for built-in function 'strndup'
configure:5463: $? = 0
configure:5485: result: yes
configure:5400: checking for strerror
configure:5456: ppc_85xx-gcc -o conftest -g -O2  -static conftest.c  >&5
configure:5463: $? = 0
configure:5485: result: yes
configure:5400: checking for vsnprintf
configure:5456: ppc_85xx-gcc -o conftest -g -O2  -static conftest.c  >&5
conftest.c:59: warning: conflicting types for built-in function 'vsnprintf'
configure:5463: $? = 0
configure:5485: result: yes
configure:5400: checking for vasprintf
configure:5456: ppc_85xx-gcc -o conftest -g -O2  -static conftest.c  >&5
configure:5463: $? = 0
configure:5485: result: yes
configure:5400: checking for open
configure:5456: ppc_85xx-gcc -o conftest -g -O2  -static conftest.c  >&5
configure:5463: $? = 0
configure:5485: result: yes
configure:5400: checking for vsyslog
configure:5456: ppc_85xx-gcc -o conftest -g -O2  -static conftest.c  >&5
configure:5463: $? = 0
configure:5485: result: yes
configure:5400: checking for strncasecmp
configure:5456: ppc_85xx-gcc -o conftest -g -O2  -static conftest.c  >&5
conftest.c:63: warning: conflicting types for built-in function 'strncasecmp'
configure:5463: $? = 0
configure:5485: result: yes
configure:5529: checking build system type
configure:5547: result: x86_64-unknown-linux-gnu
configure:5569: checking host system type
configure:5584: result: powerpc-unknown-linux-gnu
configure:5606: checking for a sed that does not truncate output
configure:5672: result: /bin/sed
configure:5690: checking for fgrep
configure:5754: result: /bin/grep -F
configure:5789: checking for ld used by ppc_85xx-gcc
configure:5856: result: /home/dtalayco/work/ELDK_4.2/usr/powerpc-linux/bin/ld
configure:5865: checking if the linker (/home/dtalayco/work/ELDK_4.2/usr/powerpc-linux/bin/ld) is GNU ld
configure:5880: result: yes
configure:5892: checking for BSD- or MS-compatible name lister (nm)
configure:5941: result: /home/dtalayco/work/ELDK_4.2/usr/bin/powerpc-linux-nm -B
configure:6059: checking the name lister (/home/dtalayco/work/ELDK_4.2/usr/bin/powerpc-linux-nm -B) interface
configure:6066: ppc_85xx-gcc -c -g -O2  conftest.c >&5
configure:6069: /home/dtalayco/work/ELDK_4.2/usr/bin/powerpc-linux-nm -B "conftest.o"
configure:6072: output
00000000 S some_variable
configure:6079: result: BSD nm
configure:6082: checking whether ln -s works
configure:6086: result: yes
configure:6094: checking the maximum length of command line arguments
configure:6214: result: 3458764513820540925
configure:6231: checking whether the shell understands some XSI constructs
configure:6241: result: yes
configure:6245: checking whether the shell understands "+="
configure:6251: result: yes
configure:6286: checking for /home/dtalayco/work/ELDK_4.2/usr/powerpc-linux/bin/ld option to reload object files
configure:6293: result: -r
configure:6322: checking for powerpc-linux-objdump
configure:6338: found /home/dtalayco/work/ELDK_4.2/usr/bin/powerpc-linux-objdump
configure:6349: result: powerpc-linux-objdump
configure:6421: checking how to recognize dependent libraries
configure:6617: result: pass_all
configure:6637: checking for powerpc-linux-ar
configure:6664: result: ppc_85xx-ar
configure:6742: checking for powerpc-linux-strip
configure:6769: result: powerpc-linux-strip
configure:6841: checking for powerpc-linux-ranlib
configure:6868: result: ppc_85xx-ranlib
configure:6998: checking command to parse /home/dtalayco/work/ELDK_4.2/usr/bin/powerpc-linux-nm -B output from ppc_85xx-gcc object
configure:7116: ppc_85xx-gcc -c -g -O2  conftest.c >&5
configure:7119: $? = 0
configure:7123: /home/dtalayco/work/ELDK_4.2/usr/bin/powerpc-linux-nm -B conftest.o \| sed -n -e 's/^.*[	 ]\([ABCDGIRSTW][ABCDGIRSTW]*\)[	 ][	 ]*\([_A-Za-z][_A-Za-z0-9]*\)$/\1 \2 \2/p' \> conftest.nm
configure:7126: $? = 0
configure:7180: ppc_85xx-gcc -o conftest -g -O2  -static conftest.c conftstm.o >&5
configure:7183: $? = 0
configure:7221: result: ok
configure:7316: ppc_85xx-gcc -c -g -O2  conftest.c >&5
configure:7319: $? = 0
configure:8086: checking for dlfcn.h
configure:8107: ppc_85xx-gcc -c -g -O2  conftest.c >&5
configure:8114: $? = 0
configure:8131: result: yes
configure:8317: checking for objdir
configure:8332: result: .libs
configure:8624: checking if ppc_85xx-gcc supports -fno-rtti -fno-exceptions
configure:8642: ppc_85xx-gcc -c -g -O2  -fno-rtti -fno-exceptions conftest.c >&5
cc1: warning: command line option "-fno-rtti" is valid for C++/ObjC++ but not for C
configure:8646: $? = 0
configure:8659: result: no
configure:8679: checking for ppc_85xx-gcc option to produce PIC
configure:8951: result: -fPIC -DPIC
configure:8963: checking if ppc_85xx-gcc PIC flag -fPIC -DPIC works
configure:8981: ppc_85xx-gcc -c -g -O2  -fPIC -DPIC -DPIC conftest.c >&5
configure:8985: $? = 0
configure:8998: result: yes
configure:9022: checking if ppc_85xx-gcc static flag -static works
configure:9050: result: yes
configure:9065: checking if ppc_85xx-gcc supports -c -o file.o
configure:9086: ppc_85xx-gcc -c -g -O2  -o out/conftest2.o conftest.c >&5
configure:9090: $? = 0
configure:9112: result: yes
configure:9120: checking if ppc_85xx-gcc supports -c -o file.o
configure:9167: result: yes
configure:9200: checking whether the ppc_85xx-gcc linker (/home/dtalayco/work/ELDK_4.2/usr/powerpc-linux/bin/ld) supports shared libraries
configure:10275: result: yes
configure:10312: checking whether -lc should be explicitly linked in
configure:10317: ppc_85xx-gcc -c -g -O2  conftest.c >&5
configure:10320: $? = 0
configure:10335: ppc_85xx-gcc -shared conftest.o  -v -Wl,-soname -Wl,conftest -o conftest 2\>\&1 \| /bin/grep  -lc  \>/dev/null 2\>\&1
configure:10338: $? = 0
configure:10350: result: no
configure:10514: checking dynamic linker characteristics
configure:10957: ppc_85xx-gcc -o conftest -g -O2  -static -Wl,-rpath -Wl,/foo conftest.c  >&5
configure:10964: $? = 0
configure:11209: result: GNU/Linux ld.so
configure:11311: checking how to hardcode library paths into programs
configure:11336: result: immediate
configure:12169: checking whether stripping libraries is possible
configure:12174: result: yes
configure:12209: checking if libtool supports shared libraries
configure:12211: result: yes
configure:12214: checking whether to build shared libraries
configure:12235: result: yes
configure:12238: checking whether to build static libraries
configure:12242: result: yes
configure:12396: creating ./config.status

## ---------------------- ##
## Running config.status. ##
## ---------------------- ##

This file was extended by json-c config.status 0.9, which was
generated by GNU Autoconf 2.63.  Invocation command line was

  CONFIG_FILES    = 
  CONFIG_HEADERS  = 
  CONFIG_LINKS    = 
  CONFIG_COMMANDS = 
  $ ./config.status 

on ub-dev-vm

config.status:1003: creating Makefile
config.status:1003: creating json.pc
config.status:1003: creating config.h
config.status:1270: executing depfiles commands
config.status:1270: executing libtool commands

## ---------------- ##
## Cache variables. ##
## ---------------- ##

ac_cv_build=x86_64-unknown-linux-gnu
ac_cv_c_compiler_gnu=yes
ac_cv_c_const=yes
ac_cv_env_CC_set=set
ac_cv_env_CC_value=ppc_85xx-gcc
ac_cv_env_CFLAGS_set=
ac_cv_env_CFLAGS_value=
ac_cv_env_CPPFLAGS_set=
ac_cv_env_CPPFLAGS_value=
ac_cv_env_CPP_set=
ac_cv_env_CPP_value=
ac_cv_env_LDFLAGS_set=set
ac_cv_env_LDFLAGS_value=-static
ac_cv_env_LIBS_set=
ac_cv_env_LIBS_value=
ac_cv_env_build_alias_set=
ac_cv_env_build_alias_value=
ac_cv_env_host_alias_set=set
ac_cv_env_host_alias_value=powerpc-linux
ac_cv_env_target_alias_set=
ac_cv_env_target_alias_value=
ac_cv_func__doprnt=no
ac_cv_func_malloc_0_nonnull=no
ac_cv_func_memcmp_working=no
ac_cv_func_open=yes
ac_cv_func_realloc_0_nonnull=no
ac_cv_func_strerror=yes
ac_cv_func_strncasecmp=yes
ac_cv_func_strndup=yes
ac_cv_func_vasprintf=yes
ac_cv_func_vprintf=yes
ac_cv_func_vsnprintf=yes
ac_cv_func_vsyslog=yes
ac_cv_header_dlfcn_h=yes
ac_cv_header_fcntl_h=yes
ac_cv_header_inttypes_h=yes
ac_cv_header_limits_h=yes
ac_cv_header_memory_h=yes
ac_cv_header_stdarg_h=yes
ac_cv_header_stdc=yes
ac_cv_header_stdint_h=yes
ac_cv_header_stdlib_h=yes
ac_cv_header_string_h=yes
ac_cv_header_strings_h=yes
ac_cv_header_sys_param_h=yes
ac_cv_header_sys_stat_h=yes
ac_cv_header_sys_types_h=yes
ac_cv_header_syslog_h=yes
ac_cv_header_unistd_h=yes
ac_cv_host=powerpc-unknown-linux-gnu
ac_cv_objext=o
ac_cv_path_EGREP='/bin/grep -E'
ac_cv_path_FGREP='/bin/grep -F'
ac_cv_path_GREP=/bin/grep
ac_cv_path_SED=/bin/sed
ac_cv_path_install='/usr/bin/install -c'
ac_cv_path_mkdir=/bin/mkdir
ac_cv_prog_AR=ppc_85xx-ar
ac_cv_prog_AWK=gawk
ac_cv_prog_CC=ppc_85xx-gcc
ac_cv_prog_CPP='ppc_85xx-gcc -E'
ac_cv_prog_OBJDUMP=powerpc-linux-objdump
ac_cv_prog_RANLIB=ppc_85xx-ranlib
ac_cv_prog_STRIP=powerpc-linux-strip
ac_cv_prog_cc_c89=
ac_cv_prog_cc_g=yes
ac_cv_prog_make_make_set=yes
ac_cv_type_size_t=yes
am_cv_CC_dependencies_compiler_type=gcc3
lt_cv_deplibs_check_method=pass_all
lt_cv_file_magic_cmd='$MAGIC_CMD'
lt_cv_file_magic_test_file=
lt_cv_ld_reload_flag=-r
lt_cv_nm_interface='BSD nm'
lt_cv_objdir=.libs
lt_cv_path_LD=/home/dtalayco/work/ELDK_4.2/usr/powerpc-linux/bin/ld
lt_cv_path_NM='/home/dtalayco/work/ELDK_4.2/usr/bin/powerpc-linux-nm -B'
lt_cv_prog_compiler_c_o=yes
lt_cv_prog_compiler_pic_works=yes
lt_cv_prog_compiler_rtti_exceptions=no
lt_cv_prog_compiler_static_works=yes
lt_cv_prog_gnu_ld=yes
lt_cv_sys_global_symbol_pipe='sed -n -e '\''s/^.*[	 ]\([ABCDGIRSTW][ABCDGIRSTW]*\)[	 ][	 ]*\([_A-Za-z][_A-Za-z0-9]*\)$/\1 \2 \2/p'\'''
lt_cv_sys_global_symbol_to_c_name_address='sed -n -e '\''s/^: \([^ ]*\) $/  {\"\1\", (void *) 0},/p'\'' -e '\''s/^[ABCDGIRSTW]* \([^ ]*\) \([^ ]*\)$/  {"\2", (void *) \&\2},/p'\'''
lt_cv_sys_global_symbol_to_c_name_address_lib_prefix='sed -n -e '\''s/^: \([^ ]*\) $/  {\"\1\", (void *) 0},/p'\'' -e '\''s/^[ABCDGIRSTW]* \([^ ]*\) \(lib[^ ]*\)$/  {"\2", (void *) \&\2},/p'\'' -e '\''s/^[ABCDGIRSTW]* \([^ ]*\) \([^ ]*\)$/  {"lib\2", (void *) \&\2},/p'\'''
lt_cv_sys_global_symbol_to_cdecl='sed -n -e '\''s/^T .* \(.*\)$/extern int \1();/p'\'' -e '\''s/^[ABCDGIRSTW]* .* \(.*\)$/extern char \1;/p'\'''
lt_cv_sys_max_cmd_len=3458764513820540925

## ----------------- ##
## Output variables. ##
## ----------------- ##

ACLOCAL='${SHELL} /home/dtalayco/work/indigo/cmdsrv/json-c-0.9/missing --run aclocal-1.10'
AMDEPBACKSLASH='\'
AMDEP_FALSE='#'
AMDEP_TRUE=''
AMTAR='${SHELL} /home/dtalayco/work/indigo/cmdsrv/json-c-0.9/missing --run tar'
AR='ppc_85xx-ar'
AUTOCONF='${SHELL} /home/dtalayco/work/indigo/cmdsrv/json-c-0.9/missing --run autoconf'
AUTOHEADER='${SHELL} /home/dtalayco/work/indigo/cmdsrv/json-c-0.9/missing --run autoheader'
AUTOMAKE='${SHELL} /home/dtalayco/work/indigo/cmdsrv/json-c-0.9/missing --run automake-1.10'
AWK='gawk'
CC='ppc_85xx-gcc'
CCDEPMODE='depmode=gcc3'
CFLAGS='-g -O2'
CPP='ppc_85xx-gcc -E'
CPPFLAGS=''
CYGPATH_W='echo'
DEFS='-DHAVE_CONFIG_H'
DEPDIR='.deps'
DSYMUTIL=''
DUMPBIN=''
ECHO_C=''
ECHO_N='-n'
ECHO_T=''
EGREP='/bin/grep -E'
EXEEXT=''
FGREP='/bin/grep -F'
GREP='/bin/grep'
INSTALL_DATA='${INSTALL} -m 644'
INSTALL_PROGRAM='${INSTALL}'
INSTALL_SCRIPT='${INSTALL}'
INSTALL_STRIP_PROGRAM='$(install_sh) -c -s'
LD='/home/dtalayco/work/ELDK_4.2/usr/powerpc-linux/bin/ld'
LDFLAGS='-static'
LIBOBJS=' ${LIBOBJDIR}memcmp$U.o ${LIBOBJDIR}malloc$U.o ${LIBOBJDIR}realloc$U.o'
LIBS=''
LIBTOOL='$(SHELL) $(top_builddir)/libtool'
LIPO=''
LN_S='ln -s'
LTLIBOBJS=' ${LIBOBJDIR}memcmp$U.lo ${LIBOBJDIR}malloc$U.lo ${LIBOBJDIR}realloc$U.lo'
MAKEINFO='${SHELL} /home/dtalayco/work/indigo/cmdsrv/json-c-0.9/missing --run makeinfo'
MKDIR_P='/bin/mkdir -p'
NM='/home/dtalayco/work/ELDK_4.2/usr/bin/powerpc-linux-nm -B'
NMEDIT=''
OBJDUMP='powerpc-linux-objdump'
OBJEXT='o'
OTOOL64=''
OTOOL=''
PACKAGE='json-c'
PACKAGE_BUGREPORT='michael@metaparadigm.com'
PACKAGE_NAME='json-c'
PACKAGE_STRING='json-c 0.9'
PACKAGE_TARNAME='json-c'
PACKAGE_VERSION='0.9'
PATH_SEPARATOR=':'
RANLIB='ppc_85xx-ranlib'
SED='/bin/sed'
SET_MAKE=''
SHELL='/bin/bash'
STRIP='powerpc-linux-strip'
VERSION='0.9'
ac_ct_CC=''
ac_ct_DUMPBIN=''
am__fastdepCC_FALSE='#'
am__fastdepCC_TRUE=''
am__include='include'
am__isrc=' -I$(srcdir)'
am__leading_dot='.'
am__quote=''
am__tar='${AMTAR} chof - "$$tardir"'
am__untar='${AMTAR} xf -'
bindir='${exec_prefix}/bin'
build='x86_64-unknown-linux-gnu'
build_alias=''
build_cpu='x86_64'
build_os='linux-gnu'
build_vendor='unknown'
datadir='${datarootdir}'
datarootdir='${prefix}/share'
docdir='${datarootdir}/doc/${PACKAGE_TARNAME}'
dvidir='${docdir}'
exec_prefix='${prefix}'
host='powerpc-unknown-linux-gnu'
host_alias='powerpc-linux'
host_cpu='powerpc'
host_os='linux-gnu'
host_vendor='unknown'
htmldir='${docdir}'
includedir='${prefix}/include'
infodir='${datarootdir}/info'
install_sh='$(SHELL) /home/dtalayco/work/indigo/cmdsrv/json-c-0.9/install-sh'
libdir='${exec_prefix}/lib'
libexecdir='${exec_prefix}/libexec'
localedir='${datarootdir}/locale'
localstatedir='${prefix}/var'
lt_ECHO='echo'
mandir='${datarootdir}/man'
mkdir_p='/bin/mkdir -p'
oldincludedir='/usr/include'
pdfdir='${docdir}'
prefix='/home/dtalayco/work/indigo/cmdsrv/json-c-0.9/ppc'
program_transform_name='s,x,x,'
psdir='${docdir}'
sbindir='${exec_prefix}/sbin'
sharedstatedir='${prefix}/com'
sysconfdir='${prefix}/etc'
target_alias=''

## ----------- ##
## confdefs.h. ##
## ----------- ##

#define PACKAGE_NAME "json-c"
#define PACKAGE_TARNAME "json-c"
#define PACKAGE_VERSION "0.9"
#define PACKAGE_STRING "json-c 0.9"
#define PACKAGE_BUGREPORT "michael@metaparadigm.com"
#define PACKAGE "json-c"
#define VERSION "0.9"
#define STDC_HEADERS 1
#define HAVE_SYS_TYPES_H 1
#define HAVE_SYS_STAT_H 1
#define HAVE_STDLIB_H 1
#define HAVE_STRING_H 1
#define HAVE_MEMORY_H 1
#define HAVE_STRINGS_H 1
#define HAVE_INTTYPES_H 1
#define HAVE_STDINT_H 1
#define HAVE_UNISTD_H 1
#define HAVE_FCNTL_H 1
#define HAVE_LIMITS_H 1
#define HAVE_STRINGS_H 1
#define HAVE_SYSLOG_H 1
#define HAVE_UNISTD_H 1
#define HAVE_SYS_PARAM_H 1
#define HAVE_STDARG_H 1
#define HAVE_VPRINTF 1
#define HAVE_STDLIB_H 1
#define HAVE_MALLOC 0
#define malloc rpl_malloc
#define HAVE_STDLIB_H 1
#define HAVE_REALLOC 0
#define realloc rpl_realloc
#define HAVE_STRNDUP 1
#define HAVE_STRERROR 1
#define HAVE_VSNPRINTF 1
#define HAVE_VASPRINTF 1
#define HAVE_OPEN 1
#define HAVE_VSYSLOG 1
#define HAVE_STRNCASECMP 1
#define HAVE_DLFCN_H 1
#define LT_OBJDIR ".libs/"

configure: exit 0
