This file contains any messages produced by compilers while
running configure, to aid debugging if configure makes a mistake.

It was created by haserl configure 0.9.27, which was
generated by GNU Autoconf 2.67.  Invocation command line was

  $ ./configure --with-lua=/home/dtalayco/work/indigo/indigo-core/tmp-files/rootfs-gsm73xx/lib --with-lua-headers=/home/dtalayco/work/indigo/indigo-core/tmp-files/rootfs-gsm73xx/include --enable-luashell --enable-subshell=/bin/sh --libdir=/home/dtalayco/work/indigo/indigo-core/tmp-files/rootfs-gsm73xx/lib --prefix=/home/dtalayco/work/indigo/indigo-core/tmp-files/rootfs-gsm73xx --host=ppc_85xx

## --------- ##
## Platform. ##
## --------- ##

hostname = ub-dev-vm
uname -m = x86_64
uname -r = 2.6.32-27-server
uname -s = Linux
uname -v = #49-Ubuntu SMP Thu Dec 2 02:05:21 UTC 2010

/usr/bin/uname -p = unknown
/bin/uname -X     = unknown

/bin/arch              = unknown
/usr/bin/arch -k       = unknown
/usr/convex/getsysinfo = unknown
/usr/bin/hostinfo      = unknown
/bin/machine           = unknown
/usr/bin/oslevel       = unknown
/bin/universe          = unknown

PATH: /home/dtalayco/bin
PATH: /usr/local/sbin
PATH: /usr/local/bin
PATH: /usr/sbin
PATH: /usr/bin
PATH: /sbin
PATH: /bin
PATH: /usr/games
PATH: /home/dtalayco/tools/iods-ntgr-bld/toolkit/gsm73xx/bin
PATH: /home/dtalayco/tools/iods-ntgr-bld/toolkit/gsm73xx/usr/bin
PATH: /home/dtalayco/tools/iods-ntgr-bld/toolkit/gsm73xx/tools


## ----------- ##
## Core tests. ##
## ----------- ##

configure:2239: checking for a BSD-compatible install
configure:2307: result: /usr/bin/install -c
configure:2318: checking whether build environment is sane
configure:2368: result: yes
configure:2417: checking for ppc_85xx-strip
configure:2433: found /home/dtalayco/tools/iods-ntgr-bld/toolkit/gsm73xx/bin/ppc_85xx-strip
configure:2444: result: ppc_85xx-strip
configure:2509: checking for a thread-safe mkdir -p
configure:2548: result: /bin/mkdir -p
configure:2561: checking for gawk
configure:2577: found /usr/bin/gawk
configure:2588: result: gawk
configure:2599: checking whether make sets $(MAKE)
configure:2621: result: yes
configure:2711: checking for ppc_85xx-gcc
configure:2727: found /home/dtalayco/tools/iods-ntgr-bld/toolkit/gsm73xx/bin/ppc_85xx-gcc
configure:2738: result: ppc_85xx-gcc
configure:3007: checking for C compiler version
configure:3016: ppc_85xx-gcc --version >&5
ppc_85xx-gcc (GCC) 4.2.4
Copyright (C) 2007 Free Software Foundation, Inc.
This is free software; see the source for copying conditions.  There is NO
warranty; not even for MERCHANTABILITY or FITNESS FOR A PARTICULAR PURPOSE.

configure:3027: $? = 0
configure:3016: ppc_85xx-gcc -v >&5
Using built-in specs.
Target: powerpc-85xx-linux-uclibc
Configured with: /home/davehu/work/toolkit/build_toolkit/cfg/targets/src/gcc-4.2.4/configure --build=i686-build_pc-linux-gnu --host=i686-build_pc-linux-gnu --target=powerpc-85xx-linux-uclibc --prefix=/home/davehu/work/toolkit/build_toolkit/ct_ng_dir/lib/ct-ng-1.3.2/toolchain --with-sysroot=/home/davehu/work/toolkit/build_toolkit/ct_ng_dir/lib/ct-ng-1.3.2/toolchain/powerpc-85xx-linux-uclibc/sys-root --enable-languages=c,c++,fortran --disable-multilib --with-cpu=8540 --with-tune=8540 --with-float=soft --with-gmp=/home/davehu/work/toolkit/build_toolkit/ct_ng_dir/lib/ct-ng-1.3.2/toolchain --with-mpfr=/home/davehu/work/toolkit/build_toolkit/ct_ng_dir/lib/ct-ng-1.3.2/toolchain --enable-__cxa_atexit --with-local-prefix=/home/davehu/work/toolkit/build_toolkit/ct_ng_dir/lib/ct-ng-1.3.2/toolchain/powerpc-85xx-linux-uclibc/sys-root --disable-nls --enable-threads=posix --enable-symvers=gnu --enable-c99 --enable-long-long --enable-target-optspace --enable-e500_double
Thread model: posix
gcc version 4.2.4
configure:3027: $? = 0
configure:3016: ppc_85xx-gcc -V >&5
ppc_85xx-gcc: '-V' option must have argument
configure:3027: $? = 1
configure:3016: ppc_85xx-gcc -qversion >&5
ppc_85xx-gcc: unrecognized option '-qversion'
ppc_85xx-gcc: no input files
configure:3027: $? = 1
configure:3047: checking whether the C compiler works
configure:3069: ppc_85xx-gcc    conftest.c  >&5
configure:3073: $? = 0
configure:3121: result: yes
configure:3124: checking for C compiler default output file name
configure:3126: result: a.out
configure:3132: checking for suffix of executables
configure:3139: ppc_85xx-gcc -o conftest    conftest.c  >&5
configure:3143: $? = 0
configure:3165: result: 
configure:3187: checking whether we are cross compiling
configure:3195: ppc_85xx-gcc -o conftest    conftest.c  >&5
configure:3199: $? = 0
configure:3206: ./conftest
./configure: line 3208: ./conftest: cannot execute binary file
configure:3210: $? = 126
configure:3225: result: yes
configure:3230: checking for suffix of object files
configure:3252: ppc_85xx-gcc -c   conftest.c >&5
configure:3256: $? = 0
configure:3277: result: o
configure:3281: checking whether we are using the GNU C compiler
configure:3300: ppc_85xx-gcc -c   conftest.c >&5
configure:3300: $? = 0
configure:3309: result: yes
configure:3318: checking whether ppc_85xx-gcc accepts -g
configure:3338: ppc_85xx-gcc -c -g  conftest.c >&5
configure:3338: $? = 0
configure:3379: result: yes
configure:3396: checking for ppc_85xx-gcc option to accept ISO C89
configure:3460: ppc_85xx-gcc  -c -g -O2  conftest.c >&5
configure:3460: $? = 0
configure:3473: result: none needed
configure:3504: checking for style of include used by make
configure:3532: result: GNU
configure:3557: checking dependency style of ppc_85xx-gcc
configure:3667: result: gcc3
configure:3683: checking whether ln -s works
configure:3687: result: yes
configure:3704: checking how to run the C preprocessor
configure:3735: ppc_85xx-gcc -E  conftest.c
configure:3735: $? = 0
configure:3749: ppc_85xx-gcc -E  conftest.c
conftest.c:11:28: error: ac_nonexistent.h: No such file or directory
configure:3749: $? = 1
configure: failed program was:
| /* confdefs.h */
| #define PACKAGE_NAME "haserl"
| #define PACKAGE_TARNAME "haserl"
| #define PACKAGE_VERSION "0.9.27"
| #define PACKAGE_STRING "haserl 0.9.27"
| #define PACKAGE_BUGREPORT "Nathan Angelacos - nangel@users.sourceforge.net"
| #define PACKAGE_URL ""
| #define PACKAGE "haserl"
| #define VERSION "0.9.27"
| /* end confdefs.h.  */
| #include <ac_nonexistent.h>
configure:3774: result: ppc_85xx-gcc -E
configure:3794: ppc_85xx-gcc -E  conftest.c
configure:3794: $? = 0
configure:3808: ppc_85xx-gcc -E  conftest.c
conftest.c:11:28: error: ac_nonexistent.h: No such file or directory
configure:3808: $? = 1
configure: failed program was:
| /* confdefs.h */
| #define PACKAGE_NAME "haserl"
| #define PACKAGE_TARNAME "haserl"
| #define PACKAGE_VERSION "0.9.27"
| #define PACKAGE_STRING "haserl 0.9.27"
| #define PACKAGE_BUGREPORT "Nathan Angelacos - nangel@users.sourceforge.net"
| #define PACKAGE_URL ""
| #define PACKAGE "haserl"
| #define VERSION "0.9.27"
| /* end confdefs.h.  */
| #include <ac_nonexistent.h>
configure:3837: checking for grep that handles long lines and -e
configure:3895: result: /bin/grep
configure:3900: checking for egrep
configure:3962: result: /bin/grep -E
configure:3967: checking for ANSI C header files
configure:3987: ppc_85xx-gcc -c -g -O2  conftest.c >&5
configure:3987: $? = 0
configure:4071: result: yes
configure:4086: checking for sys/types.h
configure:4086: ppc_85xx-gcc -c -g -O2  conftest.c >&5
configure:4086: $? = 0
configure:4086: result: yes
configure:4086: checking for sys/stat.h
configure:4086: ppc_85xx-gcc -c -g -O2  conftest.c >&5
configure:4086: $? = 0
configure:4086: result: yes
configure:4086: checking for stdlib.h
configure:4086: ppc_85xx-gcc -c -g -O2  conftest.c >&5
configure:4086: $? = 0
configure:4086: result: yes
configure:4086: checking for string.h
configure:4086: ppc_85xx-gcc -c -g -O2  conftest.c >&5
configure:4086: $? = 0
configure:4086: result: yes
configure:4086: checking for memory.h
configure:4086: ppc_85xx-gcc -c -g -O2  conftest.c >&5
configure:4086: $? = 0
configure:4086: result: yes
configure:4086: checking for strings.h
configure:4086: ppc_85xx-gcc -c -g -O2  conftest.c >&5
configure:4086: $? = 0
configure:4086: result: yes
configure:4086: checking for inttypes.h
configure:4086: ppc_85xx-gcc -c -g -O2  conftest.c >&5
configure:4086: $? = 0
configure:4086: result: yes
configure:4086: checking for stdint.h
configure:4086: ppc_85xx-gcc -c -g -O2  conftest.c >&5
configure:4086: $? = 0
configure:4086: result: yes
configure:4086: checking for unistd.h
configure:4086: ppc_85xx-gcc -c -g -O2  conftest.c >&5
configure:4086: $? = 0
configure:4086: result: yes
configure:4101: checking for stdlib.h
configure:4101: result: yes
configure:4101: checking for string.h
configure:4101: result: yes
configure:4101: checking for unistd.h
configure:4101: result: yes
configure:4101: checking signal.h usability
configure:4101: ppc_85xx-gcc -c -g -O2  conftest.c >&5
configure:4101: $? = 0
configure:4101: result: yes
configure:4101: checking signal.h presence
configure:4101: ppc_85xx-gcc -E  conftest.c
configure:4101: $? = 0
configure:4101: result: yes
configure:4101: checking for signal.h
configure:4101: result: yes
configure:4113: checking for an ANSI C-conforming const
configure:4178: ppc_85xx-gcc -c -g -O2  conftest.c >&5
configure:4178: $? = 0
configure:4185: result: yes
configure:4193: checking for size_t
configure:4193: ppc_85xx-gcc -c -g -O2  conftest.c >&5
configure:4193: $? = 0
configure:4193: ppc_85xx-gcc -c -g -O2  conftest.c >&5
conftest.c: In function 'main':
conftest.c:61: error: expected expression before ')' token
configure:4193: $? = 1
configure: failed program was:
| /* confdefs.h */
| #define PACKAGE_NAME "haserl"
| #define PACKAGE_TARNAME "haserl"
| #define PACKAGE_VERSION "0.9.27"
| #define PACKAGE_STRING "haserl 0.9.27"
| #define PACKAGE_BUGREPORT "Nathan Angelacos - nangel@users.sourceforge.net"
| #define PACKAGE_URL ""
| #define PACKAGE "haserl"
| #define VERSION "0.9.27"
| #define STDC_HEADERS 1
| #define HAVE_SYS_TYPES_H 1
| #define HAVE_SYS_STAT_H 1
| #define HAVE_STDLIB_H 1
| #define HAVE_STRING_H 1
| #define HAVE_MEMORY_H 1
| #define HAVE_STRINGS_H 1
| #define HAVE_INTTYPES_H 1
| #define HAVE_STDINT_H 1
| #define HAVE_UNISTD_H 1
| #define HAVE_STDLIB_H 1
| #define HAVE_STRING_H 1
| #define HAVE_UNISTD_H 1
| #define HAVE_SIGNAL_H 1
| /* end confdefs.h.  */
| #include <stdio.h>
| #ifdef HAVE_SYS_TYPES_H
| # include <sys/types.h>
| #endif
| #ifdef HAVE_SYS_STAT_H
| # include <sys/stat.h>
| #endif
| #ifdef STDC_HEADERS
| # include <stdlib.h>
| # include <stddef.h>
| #else
| # ifdef HAVE_STDLIB_H
| #  include <stdlib.h>
| # endif
| #endif
| #ifdef HAVE_STRING_H
| # if !defined STDC_HEADERS && defined HAVE_MEMORY_H
| #  include <memory.h>
| # endif
| # include <string.h>
| #endif
| #ifdef HAVE_STRINGS_H
| # include <strings.h>
| #endif
| #ifdef HAVE_INTTYPES_H
| # include <inttypes.h>
| #endif
| #ifdef HAVE_STDINT_H
| # include <stdint.h>
| #endif
| #ifdef HAVE_UNISTD_H
| # include <unistd.h>
| #endif
| int
| main ()
| {
| if (sizeof ((size_t)))
| 	    return 0;
|   ;
|   return 0;
| }
configure:4193: result: yes
configure:4206: checking for working memcmp
configure:4259: result: no
configure:4271: checking for memset
configure:4271: ppc_85xx-gcc -o conftest -g -O2   conftest.c  >&5
conftest.c:48: warning: conflicting types for built-in function 'memset'
configure:4271: $? = 0
configure:4271: result: yes
configure:4271: checking for putenv
configure:4271: ppc_85xx-gcc -o conftest -g -O2   conftest.c  >&5
configure:4271: $? = 0
configure:4271: result: yes
configure:4271: checking for strcasecmp
configure:4271: ppc_85xx-gcc -o conftest -g -O2   conftest.c  >&5
conftest.c:50: warning: conflicting types for built-in function 'strcasecmp'
configure:4271: $? = 0
configure:4271: result: yes
configure:4271: checking for strdup
configure:4271: ppc_85xx-gcc -o conftest -g -O2   conftest.c  >&5
conftest.c:51: warning: conflicting types for built-in function 'strdup'
configure:4271: $? = 0
configure:4271: result: yes
configure:4271: checking for strncasecmp
configure:4271: ppc_85xx-gcc -o conftest -g -O2   conftest.c  >&5
conftest.c:52: warning: conflicting types for built-in function 'strncasecmp'
configure:4271: $? = 0
configure:4271: result: yes
configure:4271: checking for strstr
configure:4271: ppc_85xx-gcc -o conftest -g -O2   conftest.c  >&5
conftest.c:53: warning: conflicting types for built-in function 'strstr'
configure:4271: $? = 0
configure:4271: result: yes
configure:4308: checking for library containing dlopen
configure:4339: ppc_85xx-gcc -o conftest -g -O2 -I/home/dtalayco/work/indigo/indigo-core/tmp-files/rootfs-gsm73xx/include   conftest.c  >&5
/tmp/cccbbII6.o: In function `main':
/home/dtalayco/work/indigo/indigo-ui/haserl-0.9.27/conftest.c:43: undefined reference to `dlopen'
collect2: ld returned 1 exit status
configure:4339: $? = 1
configure: failed program was:
| /* confdefs.h */
| #define PACKAGE_NAME "haserl"
| #define PACKAGE_TARNAME "haserl"
| #define PACKAGE_VERSION "0.9.27"
| #define PACKAGE_STRING "haserl 0.9.27"
| #define PACKAGE_BUGREPORT "Nathan Angelacos - nangel@users.sourceforge.net"
| #define PACKAGE_URL ""
| #define PACKAGE "haserl"
| #define VERSION "0.9.27"
| #define STDC_HEADERS 1
| #define HAVE_SYS_TYPES_H 1
| #define HAVE_SYS_STAT_H 1
| #define HAVE_STDLIB_H 1
| #define HAVE_STRING_H 1
| #define HAVE_MEMORY_H 1
| #define HAVE_STRINGS_H 1
| #define HAVE_INTTYPES_H 1
| #define HAVE_STDINT_H 1
| #define HAVE_UNISTD_H 1
| #define HAVE_STDLIB_H 1
| #define HAVE_STRING_H 1
| #define HAVE_UNISTD_H 1
| #define HAVE_SIGNAL_H 1
| #define HAVE_MEMSET 1
| #define HAVE_PUTENV 1
| #define HAVE_STRCASECMP 1
| #define HAVE_STRDUP 1
| #define HAVE_STRNCASECMP 1
| #define HAVE_STRSTR 1
| #define _GNU_SOURCE /**/
| /* end confdefs.h.  */
| 
| /* Override any GCC internal prototype to avoid an error.
|    Use char because int might match the return type of a GCC
|    builtin and then its argument prototype would still apply.  */
| #ifdef __cplusplus
| extern "C"
| #endif
| char dlopen ();
| int
| main ()
| {
| return dlopen ();
|   ;
|   return 0;
| }
configure:4339: ppc_85xx-gcc -o conftest -g -O2 -I/home/dtalayco/work/indigo/indigo-core/tmp-files/rootfs-gsm73xx/include   conftest.c -ldl   >&5
configure:4339: $? = 0
configure:4356: result: -ldl
configure:4380: checking for luaL_newstate in -llua
configure:4405: ppc_85xx-gcc -o conftest -g -O2 -I/home/dtalayco/work/indigo/indigo-core/tmp-files/rootfs-gsm73xx/include   -Wl,-E -L/home/dtalayco/work/indigo/indigo-core/tmp-files/rootfs-gsm73xx/lib conftest.c -llua -ldl  -lm -ldl  -lm >&5
configure:4405: $? = 0
configure:4415: result: yes
configure:4747: creating ./config.status

## ---------------------- ##
## Running config.status. ##
## ---------------------- ##

This file was extended by haserl config.status 0.9.27, which was
generated by GNU Autoconf 2.67.  Invocation command line was

  CONFIG_FILES    = 
  CONFIG_HEADERS  = 
  CONFIG_LINKS    = 
  CONFIG_COMMANDS = 
  $ ./config.status 

on ub-dev-vm

config.status:887: creating Makefile
config.status:887: creating src/Makefile
config.status:887: creating doc/Makefile
config.status:887: creating tests/Makefile
config.status:887: creating src/config.h
config.status:1067: src/config.h is unchanged
config.status:1115: executing depfiles commands
configure:6083: result:
** Configuration summary for haserl 0.9.27:

	Building haserl with with lua enabled
	Building haserl with with bash-extensions disabled
	libs: -llua -ldl  -lm


## ---------------- ##
## Cache variables. ##
## ---------------- ##

ac_cv_c_compiler_gnu=yes
ac_cv_c_const=yes
ac_cv_env_CC_set=
ac_cv_env_CC_value=
ac_cv_env_CFLAGS_set=
ac_cv_env_CFLAGS_value=
ac_cv_env_CPPFLAGS_set=
ac_cv_env_CPPFLAGS_value=
ac_cv_env_CPP_set=
ac_cv_env_CPP_value=
ac_cv_env_LDFLAGS_set=
ac_cv_env_LDFLAGS_value=
ac_cv_env_LIBS_set=
ac_cv_env_LIBS_value=
ac_cv_env_build_alias_set=
ac_cv_env_build_alias_value=
ac_cv_env_host_alias_set=set
ac_cv_env_host_alias_value=ppc_85xx
ac_cv_env_target_alias_set=
ac_cv_env_target_alias_value=
ac_cv_func_memcmp_working=no
ac_cv_func_memset=yes
ac_cv_func_putenv=yes
ac_cv_func_strcasecmp=yes
ac_cv_func_strdup=yes
ac_cv_func_strncasecmp=yes
ac_cv_func_strstr=yes
ac_cv_header_inttypes_h=yes
ac_cv_header_memory_h=yes
ac_cv_header_signal_h=yes
ac_cv_header_stdc=yes
ac_cv_header_stdint_h=yes
ac_cv_header_stdlib_h=yes
ac_cv_header_string_h=yes
ac_cv_header_strings_h=yes
ac_cv_header_sys_stat_h=yes
ac_cv_header_sys_types_h=yes
ac_cv_header_unistd_h=yes
ac_cv_lib_lua___luaL_newstate=yes
ac_cv_objext=o
ac_cv_path_EGREP='/bin/grep -E'
ac_cv_path_GREP=/bin/grep
ac_cv_path_install='/usr/bin/install -c'
ac_cv_path_mkdir=/bin/mkdir
ac_cv_prog_AWK=gawk
ac_cv_prog_CC=ppc_85xx-gcc
ac_cv_prog_CPP='ppc_85xx-gcc -E'
ac_cv_prog_STRIP=ppc_85xx-strip
ac_cv_prog_cc_c89=
ac_cv_prog_cc_g=yes
ac_cv_prog_make_make_set=yes
ac_cv_search_dlopen=-ldl
ac_cv_type_size_t=yes
am_cv_CC_dependencies_compiler_type=gcc3

## ----------------- ##
## Output variables. ##
## ----------------- ##

ACLOCAL='${SHELL} /home/dtalayco/work/indigo/indigo-ui/haserl-0.9.27/missing --run aclocal-1.11'
AMDEPBACKSLASH='\'
AMDEP_FALSE='#'
AMDEP_TRUE=''
AMTAR='${SHELL} /home/dtalayco/work/indigo/indigo-ui/haserl-0.9.27/missing --run tar'
AUTOCONF='${SHELL} /home/dtalayco/work/indigo/indigo-ui/haserl-0.9.27/missing --run autoconf'
AUTOHEADER='${SHELL} /home/dtalayco/work/indigo/indigo-ui/haserl-0.9.27/missing --run autoheader'
AUTOMAKE='${SHELL} /home/dtalayco/work/indigo/indigo-ui/haserl-0.9.27/missing --run automake-1.11'
AWK='gawk'
BASHEXTENSIONS_FALSE=''
BASHEXTENSIONS_TRUE='#'
CC='ppc_85xx-gcc'
CCDEPMODE='depmode=gcc3'
CFLAGS='-g -O2 -I/home/dtalayco/work/indigo/indigo-core/tmp-files/rootfs-gsm73xx/include -Wall'
CPP='ppc_85xx-gcc -E'
CPPFLAGS=''
CYGPATH_W='echo'
DEFS='-DHAVE_CONFIG_H'
DEPDIR='.deps'
ECHO_C=''
ECHO_N='-n'
ECHO_T=''
EGREP='/bin/grep -E'
EXEEXT=''
GREP='/bin/grep'
INCLUDE_BASHSHELL_FALSE='#'
INCLUDE_BASHSHELL_TRUE=''
INCLUDE_LUACSHELL_FALSE='#'
INCLUDE_LUACSHELL_TRUE=''
INCLUDE_LUASHELL_FALSE='#'
INCLUDE_LUASHELL_TRUE=''
INSTALL_DATA='${INSTALL} -m 644'
INSTALL_PROGRAM='${INSTALL}'
INSTALL_SCRIPT='${INSTALL}'
INSTALL_STRIP_PROGRAM='$(install_sh) -c -s'
LDFLAGS=' -Wl,-E -L/home/dtalayco/work/indigo/indigo-core/tmp-files/rootfs-gsm73xx/lib'
LIBOBJS=' ${LIBOBJDIR}memcmp$U.o'
LIBS='-llua -ldl  -lm'
LN_S='ln -s'
LTLIBOBJS=' ${LIBOBJDIR}memcmp$U.lo'
MAKEINFO='${SHELL} /home/dtalayco/work/indigo/indigo-ui/haserl-0.9.27/missing --run makeinfo'
MKDIR_P='/bin/mkdir -p'
OBJEXT='o'
PACKAGE='haserl'
PACKAGE_BUGREPORT='Nathan Angelacos - nangel@users.sourceforge.net'
PACKAGE_NAME='haserl'
PACKAGE_STRING='haserl 0.9.27'
PACKAGE_TARNAME='haserl'
PACKAGE_URL=''
PACKAGE_VERSION='0.9.27'
PATH_SEPARATOR=':'
SET_MAKE=''
SHELL='/bin/bash'
STRIP='ppc_85xx-strip'
USE_LUA_FALSE='#'
USE_LUA_TRUE=''
VERSION='0.9.27'
ac_ct_CC=''
am__EXEEXT_FALSE=''
am__EXEEXT_TRUE='#'
am__fastdepCC_FALSE='#'
am__fastdepCC_TRUE=''
am__include='include'
am__isrc=''
am__leading_dot='.'
am__quote=''
am__tar='${AMTAR} chof - "$$tardir"'
am__untar='${AMTAR} xf -'
bindir='${exec_prefix}/bin'
build_alias=''
datadir='${datarootdir}'
datarootdir='${prefix}/share'
docdir='${datarootdir}/doc/${PACKAGE_TARNAME}'
dvidir='${docdir}'
exec_prefix='${prefix}'
host_alias='ppc_85xx'
htmldir='${docdir}'
includedir='${prefix}/include'
infodir='${datarootdir}/info'
install_sh='${SHELL} /home/dtalayco/work/indigo/indigo-ui/haserl-0.9.27/install-sh'
libdir='/home/dtalayco/work/indigo/indigo-core/tmp-files/rootfs-gsm73xx/lib'
libexecdir='${exec_prefix}/libexec'
localedir='${datarootdir}/locale'
localstatedir='${prefix}/var'
mandir='${datarootdir}/man'
mkdir_p='/bin/mkdir -p'
oldincludedir='/usr/include'
pdfdir='${docdir}'
prefix='/home/dtalayco/work/indigo/indigo-core/tmp-files/rootfs-gsm73xx'
program_transform_name='s,x,x,'
psdir='${docdir}'
sbindir='${exec_prefix}/sbin'
sharedstatedir='${prefix}/com'
sysconfdir='${prefix}/etc'
target_alias=''

## ----------- ##
## confdefs.h. ##
## ----------- ##

/* confdefs.h */
#define PACKAGE_NAME "haserl"
#define PACKAGE_TARNAME "haserl"
#define PACKAGE_VERSION "0.9.27"
#define PACKAGE_STRING "haserl 0.9.27"
#define PACKAGE_BUGREPORT "Nathan Angelacos - nangel@users.sourceforge.net"
#define PACKAGE_URL ""
#define PACKAGE "haserl"
#define VERSION "0.9.27"
#define STDC_HEADERS 1
#define HAVE_SYS_TYPES_H 1
#define HAVE_SYS_STAT_H 1
#define HAVE_STDLIB_H 1
#define HAVE_STRING_H 1
#define HAVE_MEMORY_H 1
#define HAVE_STRINGS_H 1
#define HAVE_INTTYPES_H 1
#define HAVE_STDINT_H 1
#define HAVE_UNISTD_H 1
#define HAVE_STDLIB_H 1
#define HAVE_STRING_H 1
#define HAVE_UNISTD_H 1
#define HAVE_SIGNAL_H 1
#define HAVE_MEMSET 1
#define HAVE_PUTENV 1
#define HAVE_STRCASECMP 1
#define HAVE_STRDUP 1
#define HAVE_STRNCASECMP 1
#define HAVE_STRSTR 1
#define _GNU_SOURCE /**/
#define USE_LUA /**/
#define HAVE_LIBLUA 1
#define INCLUDE_LUASHELL /**/
#define INCLUDE_LUACSHELL /**/
#define INCLUDE_BASHSHELL /**/
#define SUBSHELL_CMD "/bin/sh"

configure: exit 0
